<?xml version="1.0" encoding="UTF-8"?>
<!-- Generated by org.testng.reporters.JUnitReportReporter -->
<testsuite skipped="0" hostname="DESKTOP-3FEPR1M" name="com.DISTEST.testcases.Test_Home_Page" tests="4" failures="0" timestamp="18 Mar 2020 10:51:41 GMT" time="62.942" errors="0">
  <testcase name="Test_Case_1" time="18.143" classname="com.DISTEST.testcases.Test_Home_Page"/>
  <testcase name="Test_Case_2" time="14.350" classname="com.DISTEST.testcases.Test_Home_Page"/>
  <testcase name="Test_Case_3" time="13.599" classname="com.DISTEST.testcases.Test_Home_Page"/>
  <testcase name="Test_Case_4" time="16.850" classname="com.DISTEST.testcases.Test_Home_Page"/>
</testsuite> <!-- com.DISTEST.testcases.Test_Home_Page -->
