<?xml version="1.0" encoding="UTF-8"?>
<!-- Generated by org.testng.reporters.JUnitReportReporter -->
<testsuite skipped="0" hostname="DESKTOP-3FEPR1M" name="com.DISTEST.testcases.Test_Methodology_Page" tests="3" failures="0" timestamp="18 Mar 2020 10:51:41 GMT" time="47.070" errors="0">
  <testcase name="Test_Case_5" time="16.464" classname="com.DISTEST.testcases.Test_Methodology_Page"/>
  <testcase name="Test_Case_6" time="13.041" classname="com.DISTEST.testcases.Test_Methodology_Page"/>
  <testcase name="Test_Case_7" time="17.565" classname="com.DISTEST.testcases.Test_Methodology_Page"/>
</testsuite> <!-- com.DISTEST.testcases.Test_Methodology_Page -->
