<?xml version="1.0" encoding="UTF-8"?>
<!-- Generated by org.testng.reporters.JUnitReportReporter -->
<testsuite skipped="0" hostname="DESKTOP-3FEPR1M" name="com.DISTEST.testcases.Test_Service_Page" tests="3" failures="0" timestamp="18 Mar 2020 10:51:41 GMT" time="44.356" errors="0">
  <testcase name="Test_Case_8" time="14.597" classname="com.DISTEST.testcases.Test_Service_Page"/>
  <testcase name="Test_Case_9" time="14.281" classname="com.DISTEST.testcases.Test_Service_Page"/>
  <testcase name="Test_Case_10" time="15.478" classname="com.DISTEST.testcases.Test_Service_Page"/>
</testsuite> <!-- com.DISTEST.testcases.Test_Service_Page -->
